<?xml version="1.0" encoding="UTF-8"?>
<testng-results ignored="0" total="1" passed="1" failed="0" skipped="0">
  <reporter-output>
  </reporter-output>
  <suite started-at="2023-05-10T18:19:08 IST" name="Default suite" finished-at="2023-05-10T18:19:52 IST" duration-ms="44272">
    <groups>
    </groups>
    <test started-at="2023-05-10T18:19:08 IST" name="Default test" finished-at="2023-05-10T18:19:52 IST" duration-ms="44272">
      <class name="crmtest.NewContactTest">
        <test-method is-config="true" signature="initialization()[pri:0, instance:crmtest.NewContactTest@1e04fa0a]" started-at="2023-05-10T18:19:08 IST" name="initialization" finished-at="2023-05-10T18:19:42 IST" duration-ms="33826" status="PASS">
          <reporter-output>
          </reporter-output>
        </test-method> <!-- initialization -->
        <test-method signature="validateCreateContact()[pri:0, instance:crmtest.NewContactTest@1e04fa0a]" started-at="2023-05-10T18:19:42 IST" name="validateCreateContact" finished-at="2023-05-10T18:19:52 IST" duration-ms="10120" status="PASS">
          <reporter-output>
          </reporter-output>
        </test-method> <!-- validateCreateContact -->
        <test-method is-config="true" signature="teardown()[pri:0, instance:crmtest.NewContactTest@1e04fa0a]" started-at="2023-05-10T18:19:52 IST" name="teardown" finished-at="2023-05-10T18:19:52 IST" duration-ms="174" status="PASS">
          <reporter-output>
          </reporter-output>
        </test-method> <!-- teardown -->
      </class> <!-- crmtest.NewContactTest -->
    </test> <!-- Default test -->
  </suite> <!-- Default suite -->
</testng-results>
